d:\openglproject\optixneatcomposite\optixclean\optixclean\x64\debug\vc140.pdb
d:\openglproject\optixneatcomposite\optixclean\optixclean\x64\debug\vc140.idb
d:\openglproject\optixneatcomposite\optixclean\optixclean\x64\debug\assetmanager.obj
d:\openglproject\optixneatcomposite\optixclean\optixclean\x64\debug\loader.obj
d:\openglproject\optixneatcomposite\optixclean\optixclean\x64\debug\main.obj
d:\openglproject\optixneatcomposite\optixclean\optixclean\x64\debug\object.obj
d:\openglproject\optixneatcomposite\optixclean\optixclean\x64\debug\accelslayout.obj
d:\openglproject\optixneatcomposite\optixclean\optixclean\x64\debug\optixsampler.obj
d:\openglproject\optixneatcomposite\optixclean\optixclean\x64\debug\optixsamplerbasic.obj
d:\openglproject\optixneatcomposite\optixclean\optixclean\x64\debug\2dscene.obj
d:\openglproject\optixneatcomposite\optixclean\optixclean\x64\debug\scene.obj
d:\openglproject\optixneatcomposite\optixclean\optixclean\x64\debug\scenecommon.obj
d:\openglproject\optixneatcomposite\optixclean\optixclean\x64\debug\scenesupfunc.obj
d:\openglproject\optixneatcomposite\optixclean\optixclean\x64\debug\mywindow.obj
d:\openglproject\optixneatcomposite\optixclean\optixclean\x64\debug\vplmanager.obj
d:\openglproject\voxelizeneat\optixclean\optixclean\x64\debug\vc140.pdb
d:\openglproject\voxelizeneat\optixclean\optixclean\x64\debug\vc140.idb
d:\openglproject\voxelizeneat\optixclean\optixclean\x64\debug\assetmanager.obj
d:\openglproject\voxelizeneat\optixclean\optixclean\x64\debug\loader.obj
d:\openglproject\voxelizeneat\optixclean\optixclean\x64\debug\main.obj
d:\openglproject\voxelizeneat\optixclean\optixclean\x64\debug\object.obj
d:\openglproject\voxelizeneat\optixclean\optixclean\x64\debug\accelslayout.obj
d:\openglproject\voxelizeneat\optixclean\optixclean\x64\debug\optixsampler.obj
d:\openglproject\voxelizeneat\optixclean\optixclean\x64\debug\optixsamplerbasic.obj
d:\openglproject\voxelizeneat\optixclean\optixclean\x64\debug\2dscene.obj
d:\openglproject\voxelizeneat\optixclean\optixclean\x64\debug\scene.obj
d:\openglproject\voxelizeneat\optixclean\optixclean\x64\debug\scenecommon.obj
d:\openglproject\voxelizeneat\optixclean\optixclean\x64\debug\scenesupfunc.obj
d:\openglproject\voxelizeneat\optixclean\optixclean\x64\debug\vplmanager.obj
d:\openglproject\voxelizeneat\optixclean\optixclean\x64\debug\mywindow.obj
d:\openglproject\voxelizeneat\optixclean\optixclean\x64\debug\fullscreenquad.obj
d:\openglproject\voxelizeneat\optixclean\optixclean\x64\debug\boundingbox.obj
d:\openglproject\voxelizeneat\optixclean\optixclean\x64\debug\camera.obj
d:\openglproject\voxelizeneat\optixclean\optixclean\x64\debug\frustrum.obj
d:\openglproject\voxelizeneat\optixclean\optixclean\x64\debug\transform.obj
d:\openglproject\voxelizeneat\optixclean\optixclean\x64\debug\voxelrender.obj
d:\openglproject\voxelizeneat\optixclean\optixclean\x64\debug\sceneold.obj
d:\openglproject\voxelizeneat\optixclean\optixclean\x64\debug\const_def.obj
d:\openglproject\voxelizeneat\optixclean\optixclean\x64\debug\meshobject.obj
d:\openglproject\optixneatcomposite\optixclean\x64\debug\optixclean.ilk
d:\openglproject\optixneatcomposite\optixclean\x64\debug\optixclean.exe
d:\openglproject\optixneatcomposite\optixclean\x64\debug\optixclean.pdb
d:\openglproject\voxelizeneat\optixclean\x64\debug\optixclean.ilk
d:\openglproject\voxelizeneat\optixclean\x64\debug\optixclean.exe
d:\openglproject\voxelizeneat\optixclean\x64\debug\optixclean.pdb
d:\openglproject\voxelizeneat\optixclean\optixclean\x64\debug\myconstantbg.cu.cache
d:\openglproject\voxelizeneat\optixclean\optixclean\x64\debug\myphong.cu.cache
d:\openglproject\voxelizeneat\optixclean\optixclean\x64\debug\mypinhole_camera.cu.cache
d:\openglproject\voxelizeneat\optixclean\optixclean\x64\debug\parallelogram.cu.cache
d:\openglproject\voxelizeneat\optixclean\optixclean\x64\debug\pathtracecam.cu.cache
d:\openglproject\voxelizeneat\optixclean\optixclean\x64\debug\pathtracing.cu.cache
d:\openglproject\voxelizeneat\optixclean\optixclean\x64\debug\pdfestimate.cu.cache
d:\openglproject\voxelizeneat\optixclean\optixclean\x64\debug\sample.cu.cache
d:\openglproject\voxelizeneat\optixclean\optixclean\x64\debug\triangle_mesh.cu.cache
d:\openglproject\voxelizeneat\optixclean\optixclean\x64\debug\optixclean.tlog\cl.command.1.tlog
d:\openglproject\voxelizeneat\optixclean\optixclean\x64\debug\optixclean.tlog\cl.read.1.tlog
d:\openglproject\voxelizeneat\optixclean\optixclean\x64\debug\optixclean.tlog\cl.write.1.tlog
d:\openglproject\voxelizeneat\optixclean\optixclean\x64\debug\optixclean.tlog\link.command.1.tlog
d:\openglproject\voxelizeneat\optixclean\optixclean\x64\debug\optixclean.tlog\link.read.1.tlog
d:\openglproject\voxelizeneat\optixclean\optixclean\x64\debug\optixclean.tlog\link.write.1.tlog
